Analysis & Synthesis report for datapathFSM
Mon Oct 29 20:49:38 2018
Quartus Prime Version 17.0.0 Build 595 04/25/2017 SJ Lite Edition


---------------------
; Table of Contents ;
---------------------
  1. Legal Notice
  2. Analysis & Synthesis Summary
  3. Analysis & Synthesis Settings
  4. Parallel Compilation
  5. Analysis & Synthesis Source Files Read
  6. Analysis & Synthesis Resource Usage Summary
  7. Analysis & Synthesis Resource Utilization by Entity
  8. Analysis & Synthesis DSP Block Usage Summary
  9. State Machine - |datapathFSM|part2:u0|control:C0|current_state
 10. Registers Removed During Synthesis
 11. General Register Statistics
 12. Multiplexer Restructuring Statistics (Restructuring Performed)
 13. Post-Synthesis Netlist Statistics for Top Partition
 14. Elapsed Time Per Partition
 15. Analysis & Synthesis Messages



----------------
; Legal Notice ;
----------------
Copyright (C) 2017  Intel Corporation. All rights reserved.
Your use of Intel Corporation's design tools, logic functions 
and other software and tools, and its AMPP partner logic 
functions, and any output files from any of the foregoing 
(including device programming or simulation files), and any 
associated documentation or information are expressly subject 
to the terms and conditions of the Intel Program License 
Subscription Agreement, the Intel Quartus Prime License Agreement,
the Intel MegaCore Function License Agreement, or other 
applicable license agreement, including, without limitation, 
that your use is for the sole purpose of programming logic 
devices manufactured by Intel and sold by Intel or its 
authorized distributors.  Please refer to the applicable 
agreement for further details.



+-------------------------------------------------------------------------------+
; Analysis & Synthesis Summary                                                  ;
+---------------------------------+---------------------------------------------+
; Analysis & Synthesis Status     ; Successful - Mon Oct 29 20:49:38 2018       ;
; Quartus Prime Version           ; 17.0.0 Build 595 04/25/2017 SJ Lite Edition ;
; Revision Name                   ; datapathFSM                                 ;
; Top-level Entity Name           ; datapathFSM                                 ;
; Family                          ; Cyclone V                                   ;
; Logic utilization (in ALMs)     ; N/A                                         ;
; Total registers                 ; 34                                          ;
; Total pins                      ; 39                                          ;
; Total virtual pins              ; 0                                           ;
; Total block memory bits         ; 0                                           ;
; Total DSP Blocks                ; 1                                           ;
; Total HSSI RX PCSs              ; 0                                           ;
; Total HSSI PMA RX Deserializers ; 0                                           ;
; Total HSSI TX PCSs              ; 0                                           ;
; Total HSSI PMA TX Serializers   ; 0                                           ;
; Total PLLs                      ; 0                                           ;
; Total DLLs                      ; 0                                           ;
+---------------------------------+---------------------------------------------+


+---------------------------------------------------------------------------------------------------------------------------+
; Analysis & Synthesis Settings                                                                                             ;
+---------------------------------------------------------------------------------+--------------------+--------------------+
; Option                                                                          ; Setting            ; Default Value      ;
+---------------------------------------------------------------------------------+--------------------+--------------------+
; Device                                                                          ; 5CSEMA5F31C6       ;                    ;
; Top-level entity name                                                           ; datapathFSM        ; datapathFSM        ;
; Family name                                                                     ; Cyclone V          ; Cyclone V          ;
; Use smart compilation                                                           ; Off                ; Off                ;
; Enable parallel Assembler and TimeQuest Timing Analyzer during compilation      ; On                 ; On                 ;
; Enable compact report table                                                     ; Off                ; Off                ;
; Restructure Multiplexers                                                        ; Auto               ; Auto               ;
; MLAB Add Timing Constraints For Mixed-Port Feed-Through Mode Setting Don't Care ; Off                ; Off                ;
; Create Debugging Nodes for IP Cores                                             ; Off                ; Off                ;
; Preserve fewer node names                                                       ; On                 ; On                 ;
; OpenCore Plus hardware evaluation                                               ; Enable             ; Enable             ;
; Verilog Version                                                                 ; Verilog_2001       ; Verilog_2001       ;
; VHDL Version                                                                    ; VHDL_1993          ; VHDL_1993          ;
; State Machine Processing                                                        ; Auto               ; Auto               ;
; Safe State Machine                                                              ; Off                ; Off                ;
; Extract Verilog State Machines                                                  ; On                 ; On                 ;
; Extract VHDL State Machines                                                     ; On                 ; On                 ;
; Ignore Verilog initial constructs                                               ; Off                ; Off                ;
; Iteration limit for constant Verilog loops                                      ; 5000               ; 5000               ;
; Iteration limit for non-constant Verilog loops                                  ; 250                ; 250                ;
; Add Pass-Through Logic to Inferred RAMs                                         ; On                 ; On                 ;
; Infer RAMs from Raw Logic                                                       ; On                 ; On                 ;
; Parallel Synthesis                                                              ; On                 ; On                 ;
; DSP Block Balancing                                                             ; Auto               ; Auto               ;
; NOT Gate Push-Back                                                              ; On                 ; On                 ;
; Power-Up Don't Care                                                             ; On                 ; On                 ;
; Remove Redundant Logic Cells                                                    ; Off                ; Off                ;
; Remove Duplicate Registers                                                      ; On                 ; On                 ;
; Ignore CARRY Buffers                                                            ; Off                ; Off                ;
; Ignore CASCADE Buffers                                                          ; Off                ; Off                ;
; Ignore GLOBAL Buffers                                                           ; Off                ; Off                ;
; Ignore ROW GLOBAL Buffers                                                       ; Off                ; Off                ;
; Ignore LCELL Buffers                                                            ; Off                ; Off                ;
; Ignore SOFT Buffers                                                             ; On                 ; On                 ;
; Limit AHDL Integers to 32 Bits                                                  ; Off                ; Off                ;
; Optimization Technique                                                          ; Balanced           ; Balanced           ;
; Carry Chain Length                                                              ; 70                 ; 70                 ;
; Auto Carry Chains                                                               ; On                 ; On                 ;
; Auto Open-Drain Pins                                                            ; On                 ; On                 ;
; Perform WYSIWYG Primitive Resynthesis                                           ; Off                ; Off                ;
; Auto ROM Replacement                                                            ; On                 ; On                 ;
; Auto RAM Replacement                                                            ; On                 ; On                 ;
; Auto DSP Block Replacement                                                      ; On                 ; On                 ;
; Auto Shift Register Replacement                                                 ; Auto               ; Auto               ;
; Allow Shift Register Merging across Hierarchies                                 ; Auto               ; Auto               ;
; Auto Clock Enable Replacement                                                   ; On                 ; On                 ;
; Strict RAM Replacement                                                          ; Off                ; Off                ;
; Allow Synchronous Control Signals                                               ; On                 ; On                 ;
; Force Use of Synchronous Clear Signals                                          ; Off                ; Off                ;
; Auto Resource Sharing                                                           ; Off                ; Off                ;
; Allow Any RAM Size For Recognition                                              ; Off                ; Off                ;
; Allow Any ROM Size For Recognition                                              ; Off                ; Off                ;
; Allow Any Shift Register Size For Recognition                                   ; Off                ; Off                ;
; Use LogicLock Constraints during Resource Balancing                             ; On                 ; On                 ;
; Ignore translate_off and synthesis_off directives                               ; Off                ; Off                ;
; Timing-Driven Synthesis                                                         ; On                 ; On                 ;
; Report Parameter Settings                                                       ; On                 ; On                 ;
; Report Source Assignments                                                       ; On                 ; On                 ;
; Report Connectivity Checks                                                      ; On                 ; On                 ;
; Ignore Maximum Fan-Out Assignments                                              ; Off                ; Off                ;
; Synchronization Register Chain Length                                           ; 3                  ; 3                  ;
; PowerPlay Power Optimization During Synthesis                                   ; Normal compilation ; Normal compilation ;
; HDL message level                                                               ; Level2             ; Level2             ;
; Suppress Register Optimization Related Messages                                 ; Off                ; Off                ;
; Number of Removed Registers Reported in Synthesis Report                        ; 5000               ; 5000               ;
; Number of Swept Nodes Reported in Synthesis Report                              ; 5000               ; 5000               ;
; Number of Inverted Registers Reported in Synthesis Report                       ; 100                ; 100                ;
; Clock MUX Protection                                                            ; On                 ; On                 ;
; Auto Gated Clock Conversion                                                     ; Off                ; Off                ;
; Block Design Naming                                                             ; Auto               ; Auto               ;
; SDC constraint protection                                                       ; Off                ; Off                ;
; Synthesis Effort                                                                ; Auto               ; Auto               ;
; Shift Register Replacement - Allow Asynchronous Clear Signal                    ; On                 ; On                 ;
; Pre-Mapping Resynthesis Optimization                                            ; Off                ; Off                ;
; Analysis & Synthesis Message Level                                              ; Medium             ; Medium             ;
; Disable Register Merging Across Hierarchies                                     ; Auto               ; Auto               ;
; Resource Aware Inference For Block RAM                                          ; On                 ; On                 ;
; Automatic Parallel Synthesis                                                    ; On                 ; On                 ;
; Partial Reconfiguration Bitstream ID                                            ; Off                ; Off                ;
+---------------------------------------------------------------------------------+--------------------+--------------------+


+------------------------------------------+
; Parallel Compilation                     ;
+----------------------------+-------------+
; Processors                 ; Number      ;
+----------------------------+-------------+
; Number detected on machine ; 4           ;
; Maximum allowed            ; 4           ;
;                            ;             ;
; Average used               ; 1.00        ;
; Maximum used               ; 4           ;
;                            ;             ;
; Usage by Processor         ; % Time Used ;
;     Processor 1            ; 100.0%      ;
;     Processors 2-4         ;   0.0%      ;
+----------------------------+-------------+


+----------------------------------------------------------------------------------------------------------------------------------------------------+
; Analysis & Synthesis Source Files Read                                                                                                             ;
+----------------------------------+-----------------+------------------------+------------------------------------------------------------+---------+
; File Name with User-Entered Path ; Used in Netlist ; File Type              ; File Name with Absolute Path                               ; Library ;
+----------------------------------+-----------------+------------------------+------------------------------------------------------------+---------+
; datapathFSM.v                    ; yes             ; User Verilog HDL File  ; /h/u5/c7/05/shumeik2/CSC258/Lab6/datapathFSM/datapathFSM.v ;         ;
+----------------------------------+-----------------+------------------------+------------------------------------------------------------+---------+


+------------------------------------------------------------+
; Analysis & Synthesis Resource Usage Summary                ;
+---------------------------------------------+--------------+
; Resource                                    ; Usage        ;
+---------------------------------------------+--------------+
; Estimate of Logic utilization (ALMs needed) ; 27           ;
;                                             ;              ;
; Combinational ALUT usage for logic          ; 43           ;
;     -- 7 input functions                    ; 0            ;
;     -- 6 input functions                    ; 0            ;
;     -- 5 input functions                    ; 0            ;
;     -- 4 input functions                    ; 22           ;
;     -- <=3 input functions                  ; 21           ;
;                                             ;              ;
; Dedicated logic registers                   ; 34           ;
;                                             ;              ;
; I/O pins                                    ; 39           ;
;                                             ;              ;
; Total DSP Blocks                            ; 1            ;
;                                             ;              ;
; Maximum fan-out node                        ; KEY[0]~input ;
; Maximum fan-out                             ; 37           ;
; Total fan-out                               ; 380          ;
; Average fan-out                             ; 2.44         ;
+---------------------------------------------+--------------+


+------------------------------------------------------------------------------------------------------------------------------------------------------------------------------------------------------+
; Analysis & Synthesis Resource Utilization by Entity                                                                                                                                                  ;
+----------------------------+---------------------+---------------------------+-------------------+------------+------+--------------+-----------------------------------+-------------+--------------+
; Compilation Hierarchy Node ; Combinational ALUTs ; Dedicated Logic Registers ; Block Memory Bits ; DSP Blocks ; Pins ; Virtual Pins ; Full Hierarchy Name               ; Entity Name ; Library Name ;
+----------------------------+---------------------+---------------------------+-------------------+------------+------+--------------+-----------------------------------+-------------+--------------+
; |datapathFSM               ; 43 (0)              ; 34 (0)                    ; 0                 ; 1          ; 39   ; 0            ; |datapathFSM                      ; datapathFSM ; work         ;
;    |hex_decoder:H0|        ; 7 (7)               ; 0 (0)                     ; 0                 ; 0          ; 0    ; 0            ; |datapathFSM|hex_decoder:H0       ; hex_decoder ; work         ;
;    |hex_decoder:H1|        ; 7 (7)               ; 0 (0)                     ; 0                 ; 0          ; 0    ; 0            ; |datapathFSM|hex_decoder:H1       ; hex_decoder ; work         ;
;    |part2:u0|              ; 29 (0)              ; 34 (0)                    ; 0                 ; 1          ; 0    ; 0            ; |datapathFSM|part2:u0             ; part2       ; work         ;
;       |control:C0|         ; 10 (10)             ; 10 (10)                   ; 0                 ; 0          ; 0    ; 0            ; |datapathFSM|part2:u0|control:C0  ; control     ; work         ;
;       |datapath:D0|        ; 19 (19)             ; 24 (24)                   ; 0                 ; 1          ; 0    ; 0            ; |datapathFSM|part2:u0|datapath:D0 ; datapath    ; work         ;
+----------------------------+---------------------+---------------------------+-------------------+------------+------+--------------+-----------------------------------+-------------+--------------+
Note: For table entries with two numbers listed, the numbers in parentheses indicate the number of resources of the given type used by the specific entity alone. The numbers listed outside of parentheses indicate the total resources of the given type used by the specific entity and all of its sub-entities in the hierarchy.


+-----------------------------------------------+
; Analysis & Synthesis DSP Block Usage Summary  ;
+---------------------------------+-------------+
; Statistic                       ; Number Used ;
+---------------------------------+-------------+
; Independent 9x9                 ; 1           ;
; Total number of DSP blocks      ; 1           ;
;                                 ;             ;
; Fixed Point Unsigned Multiplier ; 1           ;
+---------------------------------+-------------+


Encoding Type:  One-Hot
+-------------------------------------------------------------------------------------------------------------------------------------------------------------------------------------------------------------------------------------------------------------------------------------------------------------+
; State Machine - |datapathFSM|part2:u0|control:C0|current_state                                                                                                                                                                                                                                              ;
+-----------------------------+-------------------------+-------------------------+-----------------------------+------------------------+-----------------------------+------------------------+-----------------------------+------------------------+-----------------------------+------------------------+
; Name                        ; current_state.S_CYCLE_1 ; current_state.S_CYCLE_0 ; current_state.S_LOAD_X_WAIT ; current_state.S_LOAD_X ; current_state.S_LOAD_C_WAIT ; current_state.S_LOAD_C ; current_state.S_LOAD_B_WAIT ; current_state.S_LOAD_B ; current_state.S_LOAD_A_WAIT ; current_state.S_LOAD_A ;
+-----------------------------+-------------------------+-------------------------+-----------------------------+------------------------+-----------------------------+------------------------+-----------------------------+------------------------+-----------------------------+------------------------+
; current_state.S_LOAD_A      ; 0                       ; 0                       ; 0                           ; 0                      ; 0                           ; 0                      ; 0                           ; 0                      ; 0                           ; 0                      ;
; current_state.S_LOAD_A_WAIT ; 0                       ; 0                       ; 0                           ; 0                      ; 0                           ; 0                      ; 0                           ; 0                      ; 1                           ; 1                      ;
; current_state.S_LOAD_B      ; 0                       ; 0                       ; 0                           ; 0                      ; 0                           ; 0                      ; 0                           ; 1                      ; 0                           ; 1                      ;
; current_state.S_LOAD_B_WAIT ; 0                       ; 0                       ; 0                           ; 0                      ; 0                           ; 0                      ; 1                           ; 0                      ; 0                           ; 1                      ;
; current_state.S_LOAD_C      ; 0                       ; 0                       ; 0                           ; 0                      ; 0                           ; 1                      ; 0                           ; 0                      ; 0                           ; 1                      ;
; current_state.S_LOAD_C_WAIT ; 0                       ; 0                       ; 0                           ; 0                      ; 1                           ; 0                      ; 0                           ; 0                      ; 0                           ; 1                      ;
; current_state.S_LOAD_X      ; 0                       ; 0                       ; 0                           ; 1                      ; 0                           ; 0                      ; 0                           ; 0                      ; 0                           ; 1                      ;
; current_state.S_LOAD_X_WAIT ; 0                       ; 0                       ; 1                           ; 0                      ; 0                           ; 0                      ; 0                           ; 0                      ; 0                           ; 1                      ;
; current_state.S_CYCLE_0     ; 0                       ; 1                       ; 0                           ; 0                      ; 0                           ; 0                      ; 0                           ; 0                      ; 0                           ; 1                      ;
; current_state.S_CYCLE_1     ; 1                       ; 0                       ; 0                           ; 0                      ; 0                           ; 0                      ; 0                           ; 0                      ; 0                           ; 1                      ;
+-----------------------------+-------------------------+-------------------------+-----------------------------+------------------------+-----------------------------+------------------------+-----------------------------+------------------------+-----------------------------+------------------------+


+-------------------------------------------------------------+
; Registers Removed During Synthesis                          ;
+----------------------------------------+--------------------+
; Register name                          ; Reason for Removal ;
+----------------------------------------+--------------------+
; part2:u0|datapath:D0|x[0..7]           ; Lost fanout        ;
; part2:u0|datapath:D0|b[0..7]           ; Lost fanout        ;
; part2:u0|control:C0|current_state~2    ; Lost fanout        ;
; part2:u0|control:C0|current_state~3    ; Lost fanout        ;
; part2:u0|control:C0|current_state~4    ; Lost fanout        ;
; part2:u0|control:C0|current_state~5    ; Lost fanout        ;
; Total Number of Removed Registers = 20 ;                    ;
+----------------------------------------+--------------------+


+------------------------------------------------------+
; General Register Statistics                          ;
+----------------------------------------------+-------+
; Statistic                                    ; Value ;
+----------------------------------------------+-------+
; Total registers                              ; 34    ;
; Number of registers using Synchronous Clear  ; 24    ;
; Number of registers using Synchronous Load   ; 16    ;
; Number of registers using Asynchronous Clear ; 0     ;
; Number of registers using Asynchronous Load  ; 0     ;
; Number of registers using Clock Enable       ; 24    ;
; Number of registers using Preset             ; 0     ;
+----------------------------------------------+-------+


+----------------------------------------------------------------------------------------------------------------------------------------------------------------+
; Multiplexer Restructuring Statistics (Restructuring Performed)                                                                                                 ;
+--------------------+-----------+---------------+----------------------+------------------------+------------+--------------------------------------------------+
; Multiplexer Inputs ; Bus Width ; Baseline Area ; Area if Restructured ; Saving if Restructured ; Registered ; Example Multiplexer Output                       ;
+--------------------+-----------+---------------+----------------------+------------------------+------------+--------------------------------------------------+
; 3:1                ; 8 bits    ; 16 LEs        ; 0 LEs                ; 16 LEs                 ; Yes        ; |datapathFSM|part2:u0|datapath:D0|c[0]           ;
; 4:1                ; 8 bits    ; 16 LEs        ; 0 LEs                ; 16 LEs                 ; Yes        ; |datapathFSM|part2:u0|datapath:D0|data_result[5] ;
; 4:1                ; 8 bits    ; 16 LEs        ; 0 LEs                ; 16 LEs                 ; Yes        ; |datapathFSM|part2:u0|datapath:D0|a[7]           ;
+--------------------+-----------+---------------+----------------------+------------------------+------------+--------------------------------------------------+


+-----------------------------------------------------+
; Post-Synthesis Netlist Statistics for Top Partition ;
+-----------------------+-----------------------------+
; Type                  ; Count                       ;
+-----------------------+-----------------------------+
; arriav_ff             ; 34                          ;
;     ENA SCLR          ; 8                           ;
;     ENA SCLR SLD      ; 16                          ;
;     plain             ; 10                          ;
; arriav_lcell_comb     ; 46                          ;
;     arith             ; 8                           ;
;         3 data inputs ; 8                           ;
;     normal            ; 38                          ;
;         0 data inputs ; 1                           ;
;         1 data inputs ; 2                           ;
;         2 data inputs ; 3                           ;
;         3 data inputs ; 10                          ;
;         4 data inputs ; 22                          ;
; arriav_mac            ; 1                           ;
; boundary_port         ; 39                          ;
;                       ;                             ;
; Max LUT depth         ; 2.00                        ;
; Average LUT depth     ; 1.08                        ;
+-----------------------+-----------------------------+


+-------------------------------+
; Elapsed Time Per Partition    ;
+----------------+--------------+
; Partition Name ; Elapsed Time ;
+----------------+--------------+
; Top            ; 00:00:00     ;
+----------------+--------------+


+-------------------------------+
; Analysis & Synthesis Messages ;
+-------------------------------+
Info: *******************************************************************
Info: Running Quartus Prime Analysis & Synthesis
    Info: Version 17.0.0 Build 595 04/25/2017 SJ Lite Edition
    Info: Processing started: Mon Oct 29 20:49:24 2018
Info: Command: quartus_map --read_settings_files=on --write_settings_files=off datapathFSM -c datapathFSM
Warning (18236): Number of processors has not been specified which may cause overloading on shared machines.  Set the global assignment NUM_PARALLEL_PROCESSORS in your QSF to an appropriate value for best performance.
Info (20030): Parallel compilation is enabled and will use 4 of the 4 processors detected
Info (12021): Found 5 design units, including 5 entities, in source file datapathFSM.v
    Info (12023): Found entity 1: datapathFSM File: /h/u5/c7/05/shumeik2/CSC258/Lab6/datapathFSM/datapathFSM.v Line: 9
    Info (12023): Found entity 2: part2 File: /h/u5/c7/05/shumeik2/CSC258/Lab6/datapathFSM/datapathFSM.v Line: 45
    Info (12023): Found entity 3: control File: /h/u5/c7/05/shumeik2/CSC258/Lab6/datapathFSM/datapathFSM.v Line: 99
    Info (12023): Found entity 4: datapath File: /h/u5/c7/05/shumeik2/CSC258/Lab6/datapathFSM/datapathFSM.v Line: 196
    Info (12023): Found entity 5: hex_decoder File: /h/u5/c7/05/shumeik2/CSC258/Lab6/datapathFSM/datapathFSM.v Line: 293
Info (12127): Elaborating entity "datapathFSM" for the top level hierarchy
Info (12128): Elaborating entity "part2" for hierarchy "part2:u0" File: /h/u5/c7/05/shumeik2/CSC258/Lab6/datapathFSM/datapathFSM.v Line: 29
Info (12128): Elaborating entity "control" for hierarchy "part2:u0|control:C0" File: /h/u5/c7/05/shumeik2/CSC258/Lab6/datapathFSM/datapathFSM.v Line: 75
Warning (10270): Verilog HDL Case Statement warning at datapathFSM.v(157): incomplete case statement has no default case item File: /h/u5/c7/05/shumeik2/CSC258/Lab6/datapathFSM/datapathFSM.v Line: 157
Info (10264): Verilog HDL Case Statement information at datapathFSM.v(157): all case item expressions in this case statement are onehot File: /h/u5/c7/05/shumeik2/CSC258/Lab6/datapathFSM/datapathFSM.v Line: 157
Info (12128): Elaborating entity "datapath" for hierarchy "part2:u0|datapath:D0" File: /h/u5/c7/05/shumeik2/CSC258/Lab6/datapathFSM/datapathFSM.v Line: 94
Info (12128): Elaborating entity "hex_decoder" for hierarchy "hex_decoder:H0" File: /h/u5/c7/05/shumeik2/CSC258/Lab6/datapathFSM/datapathFSM.v Line: 36
Warning (13024): Output pins are stuck at VCC or GND
    Warning (13410): Pin "LEDR[8]" is stuck at GND File: /h/u5/c7/05/shumeik2/CSC258/Lab6/datapathFSM/datapathFSM.v Line: 13
    Warning (13410): Pin "LEDR[9]" is stuck at GND File: /h/u5/c7/05/shumeik2/CSC258/Lab6/datapathFSM/datapathFSM.v Line: 13
Info (286030): Timing-Driven Synthesis is running
Info (17049): 20 registers lost all their fanouts during netlist optimizations.
Info (16010): Generating hard_block partition "hard_block:auto_generated_inst"
    Info (16011): Adding 0 node(s), including 0 DDIO, 0 PLL, 0 transceiver and 0 LCELL
Warning (21074): Design contains 4 input pin(s) that do not drive logic
    Warning (15610): No output dependent on input pin "SW[8]" File: /h/u5/c7/05/shumeik2/CSC258/Lab6/datapathFSM/datapathFSM.v Line: 10
    Warning (15610): No output dependent on input pin "SW[9]" File: /h/u5/c7/05/shumeik2/CSC258/Lab6/datapathFSM/datapathFSM.v Line: 10
    Warning (15610): No output dependent on input pin "KEY[2]" File: /h/u5/c7/05/shumeik2/CSC258/Lab6/datapathFSM/datapathFSM.v Line: 11
    Warning (15610): No output dependent on input pin "KEY[3]" File: /h/u5/c7/05/shumeik2/CSC258/Lab6/datapathFSM/datapathFSM.v Line: 11
Info (21057): Implemented 99 device resources after synthesis - the final resource count might be different
    Info (21058): Implemented 15 input pins
    Info (21059): Implemented 24 output pins
    Info (21061): Implemented 59 logic cells
    Info (21062): Implemented 1 DSP elements
Info: Quartus Prime Analysis & Synthesis was successful. 0 errors, 10 warnings
    Info: Peak virtual memory: 1045 megabytes
    Info: Processing ended: Mon Oct 29 20:49:38 2018
    Info: Elapsed time: 00:00:14
    Info: Total CPU time (on all processors): 00:00:19


